<?xml version="1.0" encoding="UTF-8"?>
<testsuite xmlns:xsi="http://www.w3.org/2001/XMLSchema-instance" xsi:noNamespaceSchemaLocation="https://maven.apache.org/surefire/maven-surefire-plugin/xsd/surefire-test-report.xsd" name="levy.daniel.application.apptechnic.configurationmanagers.gestionnairespreferences.GestionnairePreferencesTest" time="0.001" tests="4" errors="0" skipped="0" failures="0">
  <properties>
[...]
</properties>
  <testcase name="testCharsetName" classname="levy.daniel.application.apptechnic.configurationmanagers.gestionnairespreferences.GestionnairePreferencesTest" time="0"/>
  <testcase name="testRegex" classname="levy.daniel.application.apptechnic.configurationmanagers.gestionnairespreferences.GestionnairePreferencesTest" time="0"/>
  <testcase name="testInitialisation" classname="levy.daniel.application.apptechnic.configurationmanagers.gestionnairespreferences.GestionnairePreferencesTest" time="0"/>
  <testcase name="testParametrage" classname="levy.daniel.application.apptechnic.configurationmanagers.gestionnairespreferences.GestionnairePreferencesTest" time="0"/>
</testsuite>